#
# There is insufficient memory for the Java Runtime Environment to continue.
# Native memory allocation (malloc) failed to allocate 1341456 bytes for Chunk::new
# Possible reasons:
#   The system is out of physical RAM or swap space
#   The process is running with CompressedOops enabled, and the Java Heap may be blocking the growth of the native heap
# Possible solutions:
#   Reduce memory load on the system
#   Increase physical memory or swap space
#   Check if swap backing store is full
#   Decrease Java heap size (-Xmx/-Xms)
#   Decrease number of Java threads
#   Decrease Java thread stack sizes (-Xss)
#   Set larger code cache with -XX:ReservedCodeCacheSize=
#   JVM is running with Unscaled Compressed Oops mode in which the Java heap is
#     placed in the first 4GB address space. The Java Heap base address is the
#     maximum limit for the native heap growth. Please use -XX:HeapBaseMinAddress
#     to set the Java Heap base and to place the Java Heap above 4GB virtual address.
# This output file may be truncated or incomplete.
#
#  Out of Memory Error (allocation.cpp:389), pid=13640, tid=0x0000000000003164
#
# JRE version: OpenJDK Runtime Environment (8.0_202-b03) (build 1.8.0_202-release-1483-b03)
# Java VM: OpenJDK 64-Bit Server VM (25.202-b03 mixed mode windows-amd64 compressed oops)
# Failed to write core dump. Minidumps are not enabled by default on client versions of Windows
#

---------------  T H R E A D  ---------------

Current thread (0x000000001625c000):  JavaThread "C2 CompilerThread0" daemon [_thread_in_native, id=12644, stack(0x00000000178d0000,0x00000000179d0000)]

Stack: [0x00000000178d0000,0x00000000179d0000]
[error occurred during error reporting (printing stack bounds), id 0xc0000005]

Native frames: (J=compiled Java code, j=interpreted, Vv=VM code, C=native code)


Current CompileTask:
C2:  34181 8145   !   4       java.io.ObjectOutputStream::writeObject0 (619 bytes)


---------------  P R O C E S S  ---------------

Java Threads: ( => current thread )
  0x000000001c7a0000 JavaThread "stdout" [_thread_in_native, id=5648, stack(0x0000000023e10000,0x0000000023f10000)]
  0x000000001c796800 JavaThread "stderr" [_thread_in_native, id=4940, stack(0x0000000023d10000,0x0000000023e10000)]
  0x000000001c79d800 JavaThread "pool-2-thread-1" [_thread_blocked, id=6848, stack(0x0000000023c10000,0x0000000023d10000)]
  0x000000001c796000 JavaThread "WorkerExecutor Queue Thread 2" [_thread_blocked, id=12920, stack(0x0000000023b10000,0x0000000023c10000)]
  0x000000001c79c800 JavaThread "WorkerExecutor Queue" [_thread_blocked, id=8584, stack(0x0000000023a10000,0x0000000023b10000)]
  0x000000001c799800 JavaThread "Cache worker for execution history cache (C:\Users\HP\AndroidStudioProjects\ERASales\.gradle\5.4.1\executionHistory)" [_thread_blocked, id=2276, stack(0x0000000023710000,0x0000000023810000)]
  0x000000001c79c000 JavaThread "Execution worker for ':' Thread 3" [_thread_blocked, id=7576, stack(0x0000000023610000,0x0000000023710000)]
  0x000000001c798000 JavaThread "Execution worker for ':' Thread 2" [_thread_blocked, id=8416, stack(0x0000000023510000,0x0000000023610000)]
  0x000000001c797800 JavaThread "Execution worker for ':'" [_thread_blocked, id=13480, stack(0x0000000023410000,0x0000000023510000)]
  0x000000001c799000 JavaThread "Cache worker for file content cache (C:\Users\HP\AndroidStudioProjects\ERASales\.gradle\5.4.1\fileContent)" [_thread_blocked, id=11600, stack(0x0000000022f10000,0x0000000023010000)]
  0x000000001c795000 JavaThread "Cache worker for file content cache (C:\Users\HP\.gradle\caches\5.4.1\fileContent)" [_thread_blocked, id=11380, stack(0x0000000021a40000,0x0000000021b40000)]
  0x000000001c79b000 JavaThread "Memory manager" [_thread_blocked, id=2148, stack(0x0000000021940000,0x0000000021a40000)]
  0x000000001b9d4000 JavaThread "Cache worker for Build Output Cleanup Cache (C:\Users\HP\AndroidStudioProjects\ERASales\.gradle\buildOutputCleanup)" [_thread_blocked, id=8912, stack(0x0000000021040000,0x0000000021140000)]
  0x000000001b9d7000 JavaThread "Build operations Thread 4" [_thread_blocked, id=7656, stack(0x0000000020940000,0x0000000020a40000)]
  0x000000001b9d6800 JavaThread "Build operations Thread 3" [_thread_blocked, id=15300, stack(0x0000000020120000,0x0000000020220000)]
  0x000000001b9d5800 JavaThread "Build operations Thread 2" [_thread_blocked, id=2784, stack(0x0000000020020000,0x0000000020120000)]
  0x000000001b9d3800 JavaThread "Build operations" [_thread_blocked, id=16060, stack(0x000000001ea80000,0x000000001eb80000)]
  0x000000001b9d2800 JavaThread "Cache worker for execution history cache (C:\Users\HP\.gradle\caches\5.4.1\executionHistory)" [_thread_blocked, id=15032, stack(0x0000000020640000,0x0000000020740000)]
  0x000000001b9d2000 JavaThread "Cache worker for cache directory md-rule (C:\Users\HP\.gradle\caches\5.4.1\md-rule)" [_thread_blocked, id=2536, stack(0x0000000020540000,0x0000000020640000)]
  0x0000000018c38000 JavaThread "Cache worker for cache directory md-supplier (C:\Users\HP\.gradle\caches\5.4.1\md-supplier)" [_thread_blocked, id=14908, stack(0x0000000020440000,0x0000000020540000)]
  0x0000000018c35800 JavaThread "Cache worker for file hash cache (C:\Users\HP\AndroidStudioProjects\ERASales\.gradle\5.4.1\fileHashes)" [_thread_blocked, id=14160, stack(0x000000001e770000,0x000000001e870000)]
  0x0000000018c32800 JavaThread "Cache worker for journal cache (C:\Users\HP\.gradle\caches\journal-1)" [_thread_blocked, id=14608, stack(0x000000001ae20000,0x000000001af20000)]
  0x0000000018c32000 JavaThread "File lock request listener" [_thread_in_native, id=13212, stack(0x000000001ad20000,0x000000001ae20000)]
  0x0000000018c38800 JavaThread "Cache worker for file hash cache (C:\Users\HP\.gradle\caches\5.4.1\fileHashes)" [_thread_blocked, id=16040, stack(0x000000001ac20000,0x000000001ad20000)]
  0x0000000017bd8800 JavaThread "Thread-9" [_thread_blocked, id=15252, stack(0x000000001ab20000,0x000000001ac20000)]
  0x0000000017cb1800 JavaThread "Stdin handler" [_thread_blocked, id=8284, stack(0x000000001aa20000,0x000000001ab20000)]
  0x0000000017cb0800 JavaThread "Asynchronous log dispatcher for DefaultDaemonConnection: socket connection from /127.0.0.1:54006 to /127.0.0.1:54007" [_thread_blocked, id=4708, stack(0x000000001a920000,0x000000001aa20000)]
  0x0000000017bcb800 JavaThread "Daemon worker" [_thread_in_vm, id=15796, stack(0x000000001a820000,0x000000001a920000)]
  0x0000000017bca000 JavaThread "Cancel handler" [_thread_blocked, id=13872, stack(0x000000001a720000,0x000000001a820000)]
  0x00000000183d3000 JavaThread "Handler for socket connection from /127.0.0.1:54006 to /127.0.0.1:54007" [_thread_in_native, id=15264, stack(0x000000001a420000,0x000000001a520000)]
  0x0000000017ecd000 JavaThread "Daemon" [_thread_blocked, id=5352, stack(0x000000001a320000,0x000000001a420000)]
  0x0000000017ec7000 JavaThread "Daemon periodic checks" [_thread_blocked, id=9776, stack(0x000000001a220000,0x000000001a320000)]
  0x0000000018318000 JavaThread "Incoming local TCP Connector on port 54006" [_thread_in_native, id=5704, stack(0x0000000019fe0000,0x000000001a0e0000)]
  0x00000000190af800 JavaThread "Daemon health stats" [_thread_blocked, id=4340, stack(0x00000000199a0000,0x0000000019aa0000)]
  0x0000000017ad6000 JavaThread "Service Thread" daemon [_thread_blocked, id=17220, stack(0x0000000017fd0000,0x00000000180d0000)]
  0x0000000017ad1000 JavaThread "C1 CompilerThread2" daemon [_thread_blocked, id=10748, stack(0x0000000017ed0000,0x0000000017fd0000)]
  0x0000000016260800 JavaThread "C2 CompilerThread1" daemon [_thread_in_native, id=3596, stack(0x00000000179d0000,0x0000000017ad0000)]
=>0x000000001625c000 JavaThread "C2 CompilerThread0" daemon [_thread_in_native, id=12644, stack(0x00000000178d0000,0x00000000179d0000)]
  0x000000001625a800 JavaThread "Attach Listener" daemon [_thread_blocked, id=10792, stack(0x00000000177d0000,0x00000000178d0000)]
  0x0000000016259000 JavaThread "Signal Dispatcher" daemon [_thread_blocked, id=16520, stack(0x00000000176d0000,0x00000000177d0000)]
  0x00000000028e5000 JavaThread "Finalizer" daemon [_thread_blocked, id=4652, stack(0x00000000174d0000,0x00000000175d0000)]
  0x0000000016249000 JavaThread "Reference Handler" daemon [_thread_blocked, id=15692, stack(0x00000000173d0000,0x00000000174d0000)]
  0x0000000000e0d800 JavaThread "main" [_thread_blocked, id=9576, stack(0x0000000002640000,0x0000000002740000)]

Other Threads:
  0x0000000016227800 VMThread [stack: 0x00000000172d0000,0x00000000173d0000] [id=14632]
  0x0000000017ad8000 WatcherThread [stack: 0x00000000180d0000,0x00000000181d0000] [id=8464]

VM state:not at safepoint (normal execution)

VM Mutex/Monitor currently owned by a thread: None

heap address: 0x00000000a0000000, size: 1536 MB, Compressed Oops mode: 32-bit
Narrow klass base: 0x0000000000000000, Narrow klass shift: 3
Compressed class space size: 1073741824 Address: 0x0000000100000000

Heap:
 PSYoungGen      total 211968K, used 96024K [0x00000000e0000000, 0x00000000eef80000, 0x0000000100000000)
  eden space 198144K, 41% used [0x00000000e0000000,0x00000000e5080610,0x00000000ec180000)
  from space 13824K, 98% used [0x00000000ee200000,0x00000000eef45da0,0x00000000eef80000)
  to   space 19968K, 0% used [0x00000000ec880000,0x00000000ec880000,0x00000000edc00000)
 ParOldGen       total 123392K, used 37556K [0x00000000a0000000, 0x00000000a7880000, 0x00000000e0000000)
  object space 123392K, 30% used [0x00000000a0000000,0x00000000a24ad2a0,0x00000000a7880000)
 Metaspace       used 61557K, capacity 63568K, committed 63896K, reserved 1103872K
  class space    used 8292K, capacity 8789K, committed 8872K, reserved 1048576K

Card table byte_map: [0x0000000011cb0000,0x0000000011fc0000] byte_map_base: 0x00000000117b0000

Marking Bits: (ParMarkBitMap*) 0x000000005a259f30
 Begin Bits: [0x00000000125c0000, 0x0000000013dc0000)
 End Bits:   [0x0000000013dc0000, 0x00000000155c0000)

Polling page: 0x0000000000d90000

CodeCache: size=245760Kb used=22748Kb max_used=22760Kb free=223011Kb
 bounds [0x00000000028f0000, 0x0000000003f40000, 0x00000000118f0000]
 total_blobs=8096 nmethods=7293 adapters=716
 compilation: enabled

Compilation events (10 events):
Event: 34.082 Thread 0x0000000017ad1000 8161       3       org.gradle.execution.plan.LocalTaskNodeExecutor::execute (116 bytes)
Event: 34.083 Thread 0x0000000016260800 nmethod 8154 0x0000000003f36c10 code [0x0000000003f36e20, 0x0000000003f37a68]
Event: 34.084 Thread 0x0000000017ad1000 nmethod 8161 0x0000000003f39090 code [0x0000000003f39360, 0x0000000003f3ab38]
Event: 34.085 Thread 0x0000000017ad1000 8162   !   3       org.gradle.execution.plan.DefaultExecutionPlan::nodeComplete (54 bytes)
Event: 34.086 Thread 0x0000000017ad1000 nmethod 8162 0x0000000003f2cfd0 code [0x0000000003f2d240, 0x0000000003f2e188]
Event: 34.086 Thread 0x0000000017ad1000 8163       3       org.gradle.execution.plan.DefaultExecutionPlan::unlockProjectFor (21 bytes)
Event: 34.087 Thread 0x0000000017ad1000 nmethod 8163 0x0000000003f36250 code [0x0000000003f36400, 0x0000000003f36a18]
Event: 34.096 Thread 0x0000000016260800 8164       4       java.util.Collections$SetFromMap::add (22 bytes)
Event: 34.102 Thread 0x0000000016260800 nmethod 8164 0x0000000003f3d510 code [0x0000000003f3d6a0, 0x0000000003f3da70]
Event: 34.104 Thread 0x0000000016260800 8165   !   4       com.google.common.cache.LocalCache$Segment::storeLoadedValue (371 bytes)

GC Heap History (10 events):
Event: 13.684 GC heap before
{Heap before GC invocations=11 (full 2):
 PSYoungGen      total 127488K, used 10167K [0x00000000e0000000, 0x00000000ebb00000, 0x0000000100000000)
  eden space 116224K, 0% used [0x00000000e0000000,0x00000000e0000000,0x00000000e7180000)
  from space 11264K, 90% used [0x00000000e7180000,0x00000000e7b6df10,0x00000000e7c80000)
  to   space 11776K, 0% used [0x00000000eaf80000,0x00000000eaf80000,0x00000000ebb00000)
 ParOldGen       total 53248K, used 8247K [0x00000000a0000000, 0x00000000a3400000, 0x00000000e0000000)
  object space 53248K, 15% used [0x00000000a0000000,0x00000000a080df88,0x00000000a3400000)
 Metaspace       used 34673K, capacity 35448K, committed 35496K, reserved 1079296K
  class space    used 4778K, capacity 5025K, committed 5032K, reserved 1048576K
Event: 13.829 GC heap after
Heap after GC invocations=11 (full 2):
 PSYoungGen      total 127488K, used 0K [0x00000000e0000000, 0x00000000ebb00000, 0x0000000100000000)
  eden space 116224K, 0% used [0x00000000e0000000,0x00000000e0000000,0x00000000e7180000)
  from space 11264K, 0% used [0x00000000e7180000,0x00000000e7180000,0x00000000e7c80000)
  to   space 11776K, 0% used [0x00000000eaf80000,0x00000000eaf80000,0x00000000ebb00000)
 ParOldGen       total 78848K, used 17149K [0x00000000a0000000, 0x00000000a4d00000, 0x00000000e0000000)
  object space 78848K, 21% used [0x00000000a0000000,0x00000000a10bf4c8,0x00000000a4d00000)
 Metaspace       used 34668K, capacity 35430K, committed 35496K, reserved 1079296K
  class space    used 4776K, capacity 5022K, committed 5032K, reserved 1048576K
}
Event: 17.015 GC heap before
{Heap before GC invocations=12 (full 2):
 PSYoungGen      total 127488K, used 116224K [0x00000000e0000000, 0x00000000ebb00000, 0x0000000100000000)
  eden space 116224K, 100% used [0x00000000e0000000,0x00000000e7180000,0x00000000e7180000)
  from space 11264K, 0% used [0x00000000e7180000,0x00000000e7180000,0x00000000e7c80000)
  to   space 11776K, 0% used [0x00000000eaf80000,0x00000000eaf80000,0x00000000ebb00000)
 ParOldGen       total 78848K, used 17149K [0x00000000a0000000, 0x00000000a4d00000, 0x00000000e0000000)
  object space 78848K, 21% used [0x00000000a0000000,0x00000000a10bf4c8,0x00000000a4d00000)
 Metaspace       used 45413K, capacity 46502K, committed 46760K, reserved 1089536K
  class space    used 6120K, capacity 6446K, committed 6568K, reserved 1048576K
Event: 17.110 GC heap after
Heap after GC invocations=12 (full 2):
 PSYoungGen      total 170496K, used 11759K [0x00000000e0000000, 0x00000000ebb00000, 0x0000000100000000)
  eden space 158720K, 0% used [0x00000000e0000000,0x00000000e0000000,0x00000000e9b00000)
  from space 11776K, 99% used [0x00000000eaf80000,0x00000000ebafbf90,0x00000000ebb00000)
  to   space 14336K, 0% used [0x00000000e9f00000,0x00000000e9f00000,0x00000000ead00000)
 ParOldGen       total 78848K, used 20613K [0x00000000a0000000, 0x00000000a4d00000, 0x00000000e0000000)
  object space 78848K, 26% used [0x00000000a0000000,0x00000000a1421588,0x00000000a4d00000)
 Metaspace       used 45413K, capacity 46502K, committed 46760K, reserved 1089536K
  class space    used 6120K, capacity 6446K, committed 6568K, reserved 1048576K
}
Event: 21.684 GC heap before
{Heap before GC invocations=13 (full 2):
 PSYoungGen      total 170496K, used 158064K [0x00000000e0000000, 0x00000000ebb00000, 0x0000000100000000)
  eden space 158720K, 92% used [0x00000000e0000000,0x00000000e8ee02f8,0x00000000e9b00000)
  from space 11776K, 99% used [0x00000000eaf80000,0x00000000ebafbf90,0x00000000ebb00000)
  to   space 14336K, 0% used [0x00000000e9f00000,0x00000000e9f00000,0x00000000ead00000)
 ParOldGen       total 78848K, used 20613K [0x00000000a0000000, 0x00000000a4d00000, 0x00000000e0000000)
  object space 78848K, 26% used [0x00000000a0000000,0x00000000a1421588,0x00000000a4d00000)
 Metaspace       used 57492K, capacity 59138K, committed 59160K, reserved 1099776K
  class space    used 7783K, capacity 8220K, committed 8232K, reserved 1048576K
Event: 21.720 GC heap after
Heap after GC invocations=13 (full 2):
 PSYoungGen      total 177152K, used 14330K [0x00000000e0000000, 0x00000000ef500000, 0x0000000100000000)
  eden space 162816K, 0% used [0x00000000e0000000,0x00000000e0000000,0x00000000e9f00000)
  from space 14336K, 99% used [0x00000000e9f00000,0x00000000eacfeba8,0x00000000ead00000)
  to   space 19456K, 0% used [0x00000000ee200000,0x00000000ee200000,0x00000000ef500000)
 ParOldGen       total 78848K, used 29628K [0x00000000a0000000, 0x00000000a4d00000, 0x00000000e0000000)
  object space 78848K, 37% used [0x00000000a0000000,0x00000000a1cef380,0x00000000a4d00000)
 Metaspace       used 57492K, capacity 59138K, committed 59160K, reserved 1099776K
  class space    used 7783K, capacity 8220K, committed 8232K, reserved 1048576K
}
Event: 21.720 GC heap before
{Heap before GC invocations=14 (full 3):
 PSYoungGen      total 177152K, used 14330K [0x00000000e0000000, 0x00000000ef500000, 0x0000000100000000)
  eden space 162816K, 0% used [0x00000000e0000000,0x00000000e0000000,0x00000000e9f00000)
  from space 14336K, 99% used [0x00000000e9f00000,0x00000000eacfeba8,0x00000000ead00000)
  to   space 19456K, 0% used [0x00000000ee200000,0x00000000ee200000,0x00000000ef500000)
 ParOldGen       total 78848K, used 29628K [0x00000000a0000000, 0x00000000a4d00000, 0x00000000e0000000)
  object space 78848K, 37% used [0x00000000a0000000,0x00000000a1cef380,0x00000000a4d00000)
 Metaspace       used 57492K, capacity 59138K, committed 59160K, reserved 1099776K
  class space    used 7783K, capacity 8220K, committed 8232K, reserved 1048576K
Event: 22.189 GC heap after
Heap after GC invocations=14 (full 3):
 PSYoungGen      total 177152K, used 0K [0x00000000e0000000, 0x00000000ef500000, 0x0000000100000000)
  eden space 162816K, 0% used [0x00000000e0000000,0x00000000e0000000,0x00000000e9f00000)
  from space 14336K, 0% used [0x00000000e9f00000,0x00000000e9f00000,0x00000000ead00000)
  to   space 19456K, 0% used [0x00000000ee200000,0x00000000ee200000,0x00000000ef500000)
 ParOldGen       total 123392K, used 37548K [0x00000000a0000000, 0x00000000a7880000, 0x00000000e0000000)
  object space 123392K, 30% used [0x00000000a0000000,0x00000000a24ab2a0,0x00000000a7880000)
 Metaspace       used 57492K, capacity 59138K, committed 59160K, reserved 1099776K
  class space    used 7783K, capacity 8220K, committed 8232K, reserved 1048576K
}
Event: 27.592 GC heap before
{Heap before GC invocations=15 (full 3):
 PSYoungGen      total 177152K, used 162816K [0x00000000e0000000, 0x00000000ef500000, 0x0000000100000000)
  eden space 162816K, 100% used [0x00000000e0000000,0x00000000e9f00000,0x00000000e9f00000)
  from space 14336K, 0% used [0x00000000e9f00000,0x00000000e9f00000,0x00000000ead00000)
  to   space 19456K, 0% used [0x00000000ee200000,0x00000000ee200000,0x00000000ef500000)
 ParOldGen       total 123392K, used 37548K [0x00000000a0000000, 0x00000000a7880000, 0x00000000e0000000)
  object space 123392K, 30% used [0x00000000a0000000,0x00000000a24ab2a0,0x00000000a7880000)
 Metaspace       used 60048K, capacity 61922K, committed 62104K, reserved 1103872K
  class space    used 8114K, capacity 8580K, committed 8616K, reserved 1048576K
Event: 27.619 GC heap after
Heap after GC invocations=15 (full 3):
 PSYoungGen      total 211968K, used 13591K [0x00000000e0000000, 0x00000000eef80000, 0x0000000100000000)
  eden space 198144K, 0% used [0x00000000e0000000,0x00000000e0000000,0x00000000ec180000)
  from space 13824K, 98% used [0x00000000ee200000,0x00000000eef45da0,0x00000000eef80000)
  to   space 19968K, 0% used [0x00000000ec880000,0x00000000ec880000,0x00000000edc00000)
 ParOldGen       total 123392K, used 37556K [0x00000000a0000000, 0x00000000a7880000, 0x00000000e0000000)
  object space 123392K, 30% used [0x00000000a0000000,0x00000000a24ad2a0,0x00000000a7880000)
 Metaspace       used 60048K, capacity 61922K, committed 62104K, reserved 1103872K
  class space    used 8114K, capacity 8580K, committed 8616K, reserved 1048576K
}

Deoptimization events (10 events):
Event: 33.437 Thread 0x000000001c799800 Uncommon trap: reason=unstable_if action=reinterpret pc=0x0000000002e23ca4 method=com.esotericsoftware.kryo.io.Output.writeString(Ljava/lang/CharSequence;)V @ 50
Event: 33.447 Thread 0x000000001c797800 Uncommon trap: reason=bimorphic action=maybe_recompile pc=0x0000000003e697dc method=com.google.common.base.CharMatcher.indexIn(Ljava/lang/CharSequence;I)I @ 31
Event: 33.447 Thread 0x000000001c797800 Uncommon trap: reason=bimorphic action=maybe_recompile pc=0x0000000003e697dc method=com.google.common.base.CharMatcher.indexIn(Ljava/lang/CharSequence;I)I @ 31
Event: 33.447 Thread 0x000000001c797800 Uncommon trap: reason=bimorphic action=maybe_recompile pc=0x0000000003e697dc method=com.google.common.base.CharMatcher.indexIn(Ljava/lang/CharSequence;I)I @ 31
Event: 33.447 Thread 0x000000001c797800 Uncommon trap: reason=bimorphic action=maybe_recompile pc=0x0000000003e697dc method=com.google.common.base.CharMatcher.indexIn(Ljava/lang/CharSequence;I)I @ 31
Event: 33.450 Thread 0x000000001c797800 Uncommon trap: reason=class_check action=maybe_recompile pc=0x0000000003df0328 method=java.util.Spliterators$IteratorSpliterator.tryAdvance(Ljava/util/function/Consumer;)Z @ 50
Event: 33.451 Thread 0x000000001c797800 Uncommon trap: reason=class_check action=maybe_recompile pc=0x0000000003df0328 method=java.util.Spliterators$IteratorSpliterator.tryAdvance(Ljava/util/function/Consumer;)Z @ 50
Event: 33.603 Thread 0x000000001c797800 Uncommon trap: reason=unstable_if action=reinterpret pc=0x0000000002d02a68 method=java.lang.String.regionMatches(ZILjava/lang/String;II)Z @ 123
Event: 33.618 Thread 0x000000001c797800 Uncommon trap: reason=speculate_class_check action=maybe_recompile pc=0x0000000003dd7db8 method=java.util.EnumMap.get(Ljava/lang/Object;)Ljava/lang/Object; @ 14
Event: 33.631 Thread 0x000000001c797800 Uncommon trap: reason=unstable_if action=reinterpret pc=0x000000000329f068 method=org.gradle.internal.snapshot.impl.DirectorySnapshotter$1.isAllowed(Ljava/nio/file/Path;Ljava/lang/String;ZLjava/nio/file/attribute/BasicFileAttributes;Ljava/lang/Iterable;)Z

Classes redefined (0 events):
No events

Internal exceptions (10 events):
Event: 28.036 Thread 0x000000001c797800 Exception <a 'java/lang/NoSuchMethodError': <clinit>> (0x00000000e0a8ef18) thrown at [D:\src\AOSP-openjdk-cygwin\jdk8u\hotspot\src\share\vm\prims\jni.cpp, line 1614]
Event: 28.039 Thread 0x000000001c797800 Exception <a 'java/lang/NoSuchMethodError': <clinit>> (0x00000000e0ab1d70) thrown at [D:\src\AOSP-openjdk-cygwin\jdk8u\hotspot\src\share\vm\prims\jni.cpp, line 1614]
Event: 28.039 Thread 0x000000001c797800 Exception <a 'java/lang/NoSuchMethodError': <clinit>> (0x00000000e0ab6c58) thrown at [D:\src\AOSP-openjdk-cygwin\jdk8u\hotspot\src\share\vm\prims\jni.cpp, line 1614]
Event: 28.041 Thread 0x000000001c797800 Exception <a 'java/lang/NoSuchMethodError': <clinit>> (0x00000000e0ac3088) thrown at [D:\src\AOSP-openjdk-cygwin\jdk8u\hotspot\src\share\vm\prims\jni.cpp, line 1614]
Event: 28.042 Thread 0x000000001c797800 Exception <a 'java/lang/NoSuchMethodError': <clinit>> (0x00000000e0adb4f0) thrown at [D:\src\AOSP-openjdk-cygwin\jdk8u\hotspot\src\share\vm\prims\jni.cpp, line 1614]
Event: 28.058 Thread 0x000000001c797800 Exception <a 'java/lang/NoSuchMethodError': <clinit>> (0x00000000e0b41628) thrown at [D:\src\AOSP-openjdk-cygwin\jdk8u\hotspot\src\share\vm\prims\jni.cpp, line 1614]
Event: 28.134 Thread 0x000000001c79c800 Implicit null exception at 0x0000000003cd304a to 0x0000000003cd3444
Event: 28.134 Thread 0x000000001c79c800 Implicit null exception at 0x0000000003c955bf to 0x0000000003c9589c
Event: 29.202 Thread 0x000000001c79c800 Exception <a 'java/lang/NoSuchMethodError': java.lang.Object.lambda$negate$1(Ljava/lang/Object;)Z> (0x00000000e12c65f0) thrown at [D:\src\AOSP-openjdk-cygwin\jdk8u\hotspot\src\share\vm\interpreter\linkResolver.cpp, line 620]
Event: 32.986 Thread 0x000000001c79c800 Implicit null exception at 0x0000000003e28bda to 0x0000000003e28fd1

Events (10 events):
Event: 33.916 loading class org/gradle/internal/snapshot/impl/MapValueSnapshot
Event: 33.916 loading class org/gradle/internal/snapshot/impl/MapValueSnapshot done
Event: 33.916 loading class org/gradle/internal/snapshot/impl/AbstractMapSnapshot
Event: 33.916 loading class org/gradle/internal/snapshot/impl/AbstractMapSnapshot done
Event: 33.920 loading class org/gradle/internal/snapshot/impl/FileSystemSnapshotFilter
Event: 33.920 loading class org/gradle/internal/snapshot/impl/FileSystemSnapshotFilter done
Event: 33.921 loading class org/gradle/internal/snapshot/impl/FileSystemSnapshotFilter$1
Event: 33.921 loading class org/gradle/internal/snapshot/impl/FileSystemSnapshotFilter$1 done
Event: 33.943 loading class com/google/common/base/Equivalence$1
Event: 33.943 loading class com/google/common/base/Equivalence$1 done


Dynamic libraries:
0x00007ff7fe990000 - 0x00007ff7fe9c1000 	C:\Program Files\Android\Android Studio\jre\bin\java.exe
0x00007ffbd7d80000 - 0x00007ffbd7f70000 	C:\WINDOWS\SYSTEM32\ntdll.dll
0x00007ffbae9a0000 - 0x00007ffbae9f4000 	C:\Program Files (x86)\AVG\Av\avghooka.dll
0x00007ffbd6330000 - 0x00007ffbd63e2000 	C:\WINDOWS\System32\KERNEL32.DLL
0x00007ffbd5140000 - 0x00007ffbd53e3000 	C:\WINDOWS\System32\KERNELBASE.dll
0x00007ffbd76d0000 - 0x00007ffbd7773000 	C:\WINDOWS\System32\ADVAPI32.dll
0x00007ffbd7490000 - 0x00007ffbd752e000 	C:\WINDOWS\System32\msvcrt.dll
0x00007ffbd64a0000 - 0x00007ffbd6537000 	C:\WINDOWS\System32\sechost.dll
0x00007ffbd69d0000 - 0x00007ffbd6af0000 	C:\WINDOWS\System32\RPCRT4.dll
0x00007ffbd7ba0000 - 0x00007ffbd7d33000 	C:\WINDOWS\System32\USER32.dll
0x00007ffbd4ea0000 - 0x00007ffbd4ec1000 	C:\WINDOWS\System32\win32u.dll
0x00007ffbd6600000 - 0x00007ffbd6626000 	C:\WINDOWS\System32\GDI32.dll
0x00007ffbd53f0000 - 0x00007ffbd5584000 	C:\WINDOWS\System32\gdi32full.dll
0x00007ffbd4fd0000 - 0x00007ffbd506e000 	C:\WINDOWS\System32\msvcp_win.dll
0x00007ffbd4ed0000 - 0x00007ffbd4fca000 	C:\WINDOWS\System32\ucrtbase.dll
0x00007ffbc1ab0000 - 0x00007ffbc1d35000 	C:\WINDOWS\WinSxS\amd64_microsoft.windows.common-controls_6595b64144ccf1df_6.0.18362.175_none_e6c3ab1f131014c9\COMCTL32.dll
0x00007ffbd6690000 - 0x00007ffbd69c6000 	C:\WINDOWS\System32\combase.dll
0x00007ffbd55e0000 - 0x00007ffbd5661000 	C:\WINDOWS\System32\bcryptPrimitives.dll
0x00007ffbd5e80000 - 0x00007ffbd5eae000 	C:\WINDOWS\System32\IMM32.DLL
0x000000005a400000 - 0x000000005a4d2000 	C:\Program Files\Android\Android Studio\jre\jre\bin\msvcr100.dll
0x0000000059a90000 - 0x000000005a2d6000 	C:\Program Files\Android\Android Studio\jre\jre\bin\server\jvm.dll
0x00007ffbd5eb0000 - 0x00007ffbd5eb8000 	C:\WINDOWS\System32\PSAPI.DLL
0x00007ffbb9910000 - 0x00007ffbb9919000 	C:\WINDOWS\SYSTEM32\WSOCK32.dll
0x00007ffbd6af0000 - 0x00007ffbd6b5f000 	C:\WINDOWS\System32\WS2_32.dll
0x00007ffbd0e80000 - 0x00007ffbd0ea4000 	C:\WINDOWS\SYSTEM32\WINMM.dll
0x00007ffbc78b0000 - 0x00007ffbc78ba000 	C:\WINDOWS\SYSTEM32\VERSION.dll
0x00007ffbd0e50000 - 0x00007ffbd0e7d000 	C:\WINDOWS\SYSTEM32\WINMMBASE.dll
0x00007ffbd5590000 - 0x00007ffbd55da000 	C:\WINDOWS\System32\cfgmgr32.dll
0x00007ffbcfbb0000 - 0x00007ffbcfbbf000 	C:\Program Files\Android\Android Studio\jre\jre\bin\verify.dll
0x00007ffbce9c0000 - 0x00007ffbce9e9000 	C:\Program Files\Android\Android Studio\jre\jre\bin\java.dll
0x00007ffbce7d0000 - 0x00007ffbce7e6000 	C:\Program Files\Android\Android Studio\jre\jre\bin\zip.dll
0x00007ffbd6d90000 - 0x00007ffbd7470000 	C:\WINDOWS\System32\SHELL32.dll
0x00007ffbd63f0000 - 0x00007ffbd6499000 	C:\WINDOWS\System32\shcore.dll
0x00007ffbd5700000 - 0x00007ffbd5e7b000 	C:\WINDOWS\System32\windows.storage.dll
0x00007ffbd4d30000 - 0x00007ffbd4d4f000 	C:\WINDOWS\System32\profapi.dll
0x00007ffbd4ca0000 - 0x00007ffbd4cea000 	C:\WINDOWS\System32\powrprof.dll
0x00007ffbd4c90000 - 0x00007ffbd4ca0000 	C:\WINDOWS\System32\UMPDC.dll
0x00007ffbd6630000 - 0x00007ffbd6682000 	C:\WINDOWS\System32\shlwapi.dll
0x00007ffbd4d10000 - 0x00007ffbd4d21000 	C:\WINDOWS\System32\kernel.appcore.dll
0x00007ffbd5070000 - 0x00007ffbd5087000 	C:\WINDOWS\System32\cryptsp.dll
0x00007ffbce7a0000 - 0x00007ffbce7ba000 	C:\Program Files\Android\Android Studio\jre\jre\bin\net.dll
0x00007ffbd3110000 - 0x00007ffbd3177000 	C:\WINDOWS\system32\mswsock.dll
0x00007ffbcded0000 - 0x00007ffbcdee1000 	C:\Program Files\Android\Android Studio\jre\jre\bin\nio.dll
0x00007ffbccdc0000 - 0x00007ffbccde6000 	C:\Users\HP\.gradle\native\29\windows-amd64\native-platform.dll
0x00007ffbcf130000 - 0x00007ffbcf13d000 	C:\Program Files\Android\Android Studio\jre\jre\bin\management.dll
0x00007ffbd2cd0000 - 0x00007ffbd2d03000 	C:\WINDOWS\system32\rsaenh.dll
0x00007ffbd5670000 - 0x00007ffbd5696000 	C:\WINDOWS\System32\bcrypt.dll
0x00007ffbd3820000 - 0x00007ffbd3845000 	C:\WINDOWS\SYSTEM32\USERENV.dll
0x00007ffbd32e0000 - 0x00007ffbd32ec000 	C:\WINDOWS\SYSTEM32\CRYPTBASE.dll
0x00007ffbd2e70000 - 0x00007ffbd2eaa000 	C:\WINDOWS\SYSTEM32\IPHLPAPI.DLL
0x00007ffbd65f0000 - 0x00007ffbd65f8000 	C:\WINDOWS\System32\NSI.dll
0x00007ffbc94f0000 - 0x00007ffbc9506000 	C:\WINDOWS\SYSTEM32\dhcpcsvc6.DLL
0x00007ffbca230000 - 0x00007ffbca24c000 	C:\WINDOWS\SYSTEM32\dhcpcsvc.DLL
0x00007ffbd2eb0000 - 0x00007ffbd2f7a000 	C:\WINDOWS\SYSTEM32\DNSAPI.dll

VM Arguments:
jvm_args: -Xmx1536m -Dfile.encoding=windows-1252 -Duser.country=US -Duser.language=en -Duser.variant 
java_command: org.gradle.launcher.daemon.bootstrap.GradleDaemon 5.4.1
java_class_path (initial): C:\Users\HP\.gradle\wrapper\dists\gradle-5.4.1-all\3221gyojl5jsh0helicew7rwx\gradle-5.4.1\lib\gradle-launcher-5.4.1.jar
Launcher Type: SUN_STANDARD

Environment Variables:
PATH=C:\Program Files (x86)\Intel\iCLS Client\;C:\Program Files\Intel\iCLS Client\;C:\WINDOWS\system32;C:\WINDOWS;C:\WINDOWS\System32\Wbem;C:\WINDOWS\System32\WindowsPowerShell\v1.0\;C:\Program Files (x86)\Intel\Intel(R) Management Engine Components\DAL;C:\Program Files\Intel\Intel(R) Management Engine Components\DAL;C:\Program Files (x86)\Intel\Intel(R) Management Engine Components\IPT;C:\Program Files\Intel\Intel(R) Management Engine Components\IPT;C:\WINDOWS\System32\OpenSSH\;;C:\Users\HP\AppData\Local\Programs\Microsoft VS Code\bin;C:\Users\HP\AppData\Local\Microsoft\WindowsApps
USERNAME=HP
OS=Windows_NT
PROCESSOR_IDENTIFIER=Intel64 Family 6 Model 61 Stepping 4, GenuineIntel



---------------  S Y S T E M  ---------------

OS: Windows 10.0 , 64 bit Build 18362 (10.0.18362.86)

CPU:total 4 (initial active 4) (2 cores per cpu, 2 threads per core) family 6 model 61 stepping 4, cmov, cx8, fxsr, mmx, sse, sse2, sse3, ssse3, sse4.1, sse4.2, popcnt, avx, avx2, aes, clmul, erms, 3dnowpref, lzcnt, ht, tsc, tscinvbit, bmi1, bmi2, adx

Memory: 4k page, physical 8277100k(689632k free), swap 33442924k(5252k free)

vm_info: OpenJDK 64-Bit Server VM (25.202-b03) for windows-amd64 JRE (1.8.0_202-release-1483-b03), built by "builder" with MS VC++ 10.0 (VS2010)

time: Wed Feb 26 14:11:59 2020
timezone: SE Asia Standard Time
elapsed time: 34 seconds (0d 0h 0m 34s)

