#
# There is insufficient memory for the Java Runtime Environment to continue.
# Native memory allocation (malloc) failed to allocate 1052256 bytes for Chunk::new
# Possible reasons:
#   The system is out of physical RAM or swap space
#   The process is running with CompressedOops enabled, and the Java Heap may be blocking the growth of the native heap
# Possible solutions:
#   Reduce memory load on the system
#   Increase physical memory or swap space
#   Check if swap backing store is full
#   Decrease Java heap size (-Xmx/-Xms)
#   Decrease number of Java threads
#   Decrease Java thread stack sizes (-Xss)
#   Set larger code cache with -XX:ReservedCodeCacheSize=
#   JVM is running with Unscaled Compressed Oops mode in which the Java heap is
#     placed in the first 4GB address space. The Java Heap base address is the
#     maximum limit for the native heap growth. Please use -XX:HeapBaseMinAddress
#     to set the Java Heap base and to place the Java Heap above 4GB virtual address.
# This output file may be truncated or incomplete.
#
#  Out of Memory Error (allocation.cpp:389), pid=11816, tid=0x0000000000003cb0
#
# JRE version: OpenJDK Runtime Environment (8.0_202-b03) (build 1.8.0_202-release-1483-b03)
# Java VM: OpenJDK 64-Bit Server VM (25.202-b03 mixed mode windows-amd64 compressed oops)
# Failed to write core dump. Minidumps are not enabled by default on client versions of Windows
#

---------------  T H R E A D  ---------------

Current thread (0x0000000016887800):  JavaThread "C2 CompilerThread0" daemon [_thread_in_native, id=15536, stack(0x0000000017ef0000,0x0000000017ff0000)]

Stack: [0x0000000017ef0000,0x0000000017ff0000]
[error occurred during error reporting (printing stack bounds), id 0xc0000005]

Native frames: (J=compiled Java code, j=interpreted, Vv=VM code, C=native code)


Current CompileTask:
C2:3334725 15375   !   4       java.io.ObjectOutputStream::writeObject0 (619 bytes)


---------------  P R O C E S S  ---------------

Java Threads: ( => current thread )
  0x000000001fb54000 JavaThread "WorkerExecutor Queue Thread 5" [_thread_blocked, id=1908, stack(0x0000000025bd0000,0x0000000025cd0000)]
  0x000000001e1be000 JavaThread "WorkerExecutor Queue Thread 4" [_thread_blocked, id=2068, stack(0x00000000268d0000,0x00000000269d0000)]
  0x000000001e312000 JavaThread "WorkerExecutor Queue Thread 3" [_thread_blocked, id=4752, stack(0x00000000263d0000,0x00000000264d0000)]
  0x000000001e316800 JavaThread "WorkerExecutor Queue Thread 2" [_thread_blocked, id=7672, stack(0x00000000262d0000,0x00000000263d0000)]
  0x000000001e314000 JavaThread "ForkJoinPool.commonPool-worker-2" daemon [_thread_blocked, id=7492, stack(0x0000000025cd0000,0x0000000025dd0000)]
  0x000000001e30c000 JavaThread "Cache worker for Java compile cache (C:\Users\HP\AndroidStudioProjects\ERASales\.gradle\5.4.1\javaCompile)" [_thread_blocked, id=8744, stack(0x0000000024300000,0x0000000024400000)]
  0x000000001e30a800 JavaThread "Cache worker for Java compile cache (C:\Users\HP\.gradle\caches\5.4.1\javaCompile)" [_thread_blocked, id=14200, stack(0x0000000023fc0000,0x00000000240c0000)]
  0x000000001e309000 JavaThread "Cache worker for execution history cache (C:\Users\HP\AndroidStudioProjects\ERASales\.gradle\5.4.1\executionHistory)" [_thread_in_vm, id=15296, stack(0x0000000023ec0000,0x0000000023fc0000)]
  0x000000001e309800 JavaThread "Cache worker for file content cache (C:\Users\HP\AndroidStudioProjects\ERASales\.gradle\5.4.1\fileContent)" [_thread_blocked, id=10820, stack(0x00000000216d0000,0x00000000217d0000)]
  0x0000000019759800 JavaThread "Cache worker for Build Output Cleanup Cache (C:\Users\HP\AndroidStudioProjects\ERASales\.gradle\buildOutputCleanup)" [_thread_in_Java, id=15408, stack(0x0000000020d70000,0x0000000020e70000)]
  0x000000001975d000 JavaThread "Build operations Thread 4" [_thread_blocked, id=8936, stack(0x0000000020c70000,0x0000000020d70000)]
  0x000000001e1be800 JavaThread "Build operations Thread 3" [_thread_blocked, id=13432, stack(0x0000000020b70000,0x0000000020c70000)]
  0x000000001e1bd000 JavaThread "Build operations Thread 2" [_thread_blocked, id=7892, stack(0x0000000020a70000,0x0000000020b70000)]
  0x000000001e1bc800 JavaThread "Build operations" [_thread_blocked, id=10728, stack(0x000000001ed60000,0x000000001ee60000)]
  0x000000001e1bb800 JavaThread "Cache worker for cache directory md-rule (C:\Users\HP\.gradle\caches\5.4.1\md-rule)" [_thread_blocked, id=1248, stack(0x000000001ec60000,0x000000001ed60000)]
  0x000000001e1b4000 JavaThread "Cache worker for cache directory md-supplier (C:\Users\HP\.gradle\caches\5.4.1\md-supplier)" [_thread_blocked, id=14964, stack(0x000000001e8b0000,0x000000001e9b0000)]
  0x000000001e1bb000 JavaThread "Cache worker for file hash cache (C:\Users\HP\AndroidStudioProjects\ERASales\.gradle\5.4.1\fileHashes)" [_thread_in_Java, id=6188, stack(0x000000001b140000,0x000000001b240000)]
  0x000000001e1ba000 JavaThread "Thread-34" [_thread_blocked, id=2576, stack(0x000000001ae40000,0x000000001af40000)]
  0x000000001e1b2000 JavaThread "Stdin handler" [_thread_blocked, id=15276, stack(0x000000001ad40000,0x000000001ae40000)]
  0x000000001e1b8000 JavaThread "Asynchronous log dispatcher for DefaultDaemonConnection: socket connection from /127.0.0.1:50538 to /127.0.0.1:51132" [_thread_blocked, id=5428, stack(0x000000001aa40000,0x000000001ab40000)]
  0x000000001e1b3800 JavaThread "Daemon worker Thread 2" [_thread_in_Java, id=2612, stack(0x000000001a940000,0x000000001aa40000)]
  0x000000001e1b5800 JavaThread "Cancel handler" [_thread_blocked, id=15424, stack(0x0000000001250000,0x0000000001350000)]
  0x000000001e1b1000 JavaThread "Handler for socket connection from /127.0.0.1:50538 to /127.0.0.1:51132" [_thread_in_native, id=4532, stack(0x0000000001150000,0x0000000001250000)]
  0x000000001e1b7000 JavaThread "Daemon Thread 2" [_thread_blocked, id=8636, stack(0x0000000001050000,0x0000000001150000)]
  0x000000001e1b2800 JavaThread "Cache worker for file content cache (C:\Users\HP\.gradle\caches\5.4.1\fileContent)" [_thread_blocked, id=4672, stack(0x00000000222e0000,0x00000000223e0000)]
  0x000000001e1b5000 JavaThread "Memory manager" [_thread_blocked, id=6048, stack(0x00000000219d0000,0x0000000021ad0000)]
  0x000000001e1b0000 JavaThread "Cache worker for execution history cache (C:\Users\HP\.gradle\caches\5.4.1\executionHistory)" [_thread_blocked, id=3464, stack(0x000000001f330000,0x000000001f430000)]
  0x000000001975b000 JavaThread "Cache worker for journal cache (C:\Users\HP\.gradle\caches\journal-1)" [_thread_blocked, id=4288, stack(0x000000001b440000,0x000000001b540000)]
  0x0000000019757800 JavaThread "File lock request listener" [_thread_in_native, id=14748, stack(0x000000001b340000,0x000000001b440000)]
  0x0000000019757000 JavaThread "Cache worker for file hash cache (C:\Users\HP\.gradle\caches\5.4.1\fileHashes)" [_thread_blocked, id=7268, stack(0x000000001b240000,0x000000001b340000)]
  0x000000001898c800 JavaThread "Daemon periodic checks" [_thread_blocked, id=9940, stack(0x000000001a840000,0x000000001a940000)]
  0x0000000018598800 JavaThread "Incoming local TCP Connector on port 50538" [_thread_in_native, id=15572, stack(0x000000001a600000,0x000000001a700000)]
  0x0000000019b40000 JavaThread "Daemon health stats" [_thread_blocked, id=15580, stack(0x0000000019fc0000,0x000000001a0c0000)]
  0x00000000168de800 JavaThread "Service Thread" daemon [_thread_blocked, id=11100, stack(0x00000000185f0000,0x00000000186f0000)]
  0x000000001688a800 JavaThread "C1 CompilerThread2" daemon [_thread_blocked, id=1192, stack(0x00000000180f0000,0x00000000181f0000)]
  0x000000001687c000 JavaThread "C2 CompilerThread1" daemon [_thread_in_native, id=6660, stack(0x0000000017ff0000,0x00000000180f0000)]
=>0x0000000016887800 JavaThread "C2 CompilerThread0" daemon [_thread_in_native, id=15536, stack(0x0000000017ef0000,0x0000000017ff0000)]
  0x0000000016886000 JavaThread "Attach Listener" daemon [_thread_blocked, id=15544, stack(0x0000000017df0000,0x0000000017ef0000)]
  0x0000000016884800 JavaThread "Signal Dispatcher" daemon [_thread_blocked, id=15540, stack(0x0000000017cf0000,0x0000000017df0000)]
  0x0000000002f0b000 JavaThread "Finalizer" daemon [_thread_blocked, id=8992, stack(0x0000000017af0000,0x0000000017bf0000)]
  0x0000000016869000 JavaThread "Reference Handler" daemon [_thread_blocked, id=16072, stack(0x00000000179f0000,0x0000000017af0000)]
  0x0000000002d0d800 JavaThread "main" [_thread_blocked, id=7696, stack(0x0000000002d10000,0x0000000002e10000)]

Other Threads:
  0x0000000016847800 VMThread [stack: 0x00000000178f0000,0x00000000179f0000] [id=16056]
  0x000000001821a800 WatcherThread [stack: 0x00000000186f0000,0x00000000187f0000] [id=13388]

VM state:not at safepoint (normal execution)

VM Mutex/Monitor currently owned by a thread:  ([mutex/lock_event])
[0x0000000002d0c180] CodeCache_lock - owner thread: 0x000000001688a800
[0x0000000002e10d50] Compile_lock - owner thread: 0x0000000000000000

heap address: 0x00000000a0000000, size: 1536 MB, Compressed Oops mode: 32-bit
Narrow klass base: 0x0000000000000000, Narrow klass shift: 3
Compressed class space size: 1073741824 Address: 0x0000000100000000

Heap:
 PSYoungGen      total 265728K, used 129436K [0x00000000e0000000, 0x00000000f9380000, 0x0000000100000000)
  eden space 218112K, 59% used [0x00000000e0000000,0x00000000e7e672a8,0x00000000ed500000)
  from space 47616K, 0% used [0x00000000ed500000,0x00000000ed500000,0x00000000f0380000)
  to   space 75776K, 0% used [0x00000000f4980000,0x00000000f4980000,0x00000000f9380000)
 ParOldGen       total 317440K, used 147706K [0x00000000a0000000, 0x00000000b3600000, 0x00000000e0000000)
  object space 317440K, 46% used [0x00000000a0000000,0x00000000a903e9f0,0x00000000b3600000)
 Metaspace       used 83724K, capacity 86566K, committed 87320K, reserved 1124352K
  class space    used 10991K, capacity 11608K, committed 11816K, reserved 1048576K

Card table byte_map: [0x00000000122d0000,0x00000000125e0000] byte_map_base: 0x0000000011dd0000

Marking Bits: (ParMarkBitMap*) 0x000000005f2b9f30
 Begin Bits: [0x0000000012be0000, 0x00000000143e0000)
 End Bits:   [0x00000000143e0000, 0x0000000015be0000)

Polling page: 0x0000000000e40000

CodeCache: size=245760Kb used=42009Kb max_used=42033Kb free=203750Kb
 bounds [0x0000000002f10000, 0x0000000005860000, 0x0000000011f10000]
 total_blobs=13562 nmethods=12720 adapters=754
 compilation: enabled

Compilation events (10 events):
Event: 3334.657 Thread 0x000000001688a800 nmethod 15411 0x000000000583f6d0 code [0x000000000583f8a0, 0x000000000583fee8]
Event: 3334.657 Thread 0x000000001688a800 15415       1       org.gradle.internal.ImmutableActionSet$SetWithFewActions::access$200 (5 bytes)
Event: 3334.658 Thread 0x000000001688a800 nmethod 15415 0x00000000058400d0 code [0x0000000005840220, 0x0000000005840310]
Event: 3334.661 Thread 0x000000001688a800 15416       3       org.gradle.internal.event.ListenerBroadcast::<init> (18 bytes)
Event: 3334.662 Thread 0x000000001688a800 nmethod 15416 0x0000000005840390 code [0x0000000005840520, 0x0000000005840990]
Event: 3334.685 Thread 0x000000001688a800 15417       3       com.google.gson.internal.Excluder::excludeClassChecks (67 bytes)
Event: 3334.687 Thread 0x000000001688a800 nmethod 15417 0x00000000058464d0 code [0x00000000058468c0, 0x0000000005848da8]
Event: 3334.692 Thread 0x000000001687c000 nmethod 15371 0x0000000005849d10 code [0x000000000584a060, 0x000000000584cac0]
Event: 3334.693 Thread 0x000000001687c000 15388 %     4       sun.nio.cs.UTF_8$Decoder::decodeArrayLoop @ 73 (691 bytes)
Event: 3334.717 Thread 0x000000001688a800 15419       3       org.gradle.api.internal.file.BaseDirFileResolver::<init> (45 bytes)

GC Heap History (10 events):
Event: 3318.235 GC heap before
{Heap before GC invocations=19 (full 3):
 PSYoungGen      total 202240K, used 202208K [0x00000000e0000000, 0x00000000efd00000, 0x0000000100000000)
  eden space 183296K, 100% used [0x00000000e0000000,0x00000000eb300000,0x00000000eb300000)
  from space 18944K, 99% used [0x00000000eb300000,0x00000000ec578090,0x00000000ec580000)
  to   space 25088K, 0% used [0x00000000ee480000,0x00000000ee480000,0x00000000efd00000)
 ParOldGen       total 140288K, used 43221K [0x00000000a0000000, 0x00000000a8900000, 0x00000000e0000000)
  object space 140288K, 30% used [0x00000000a0000000,0x00000000a2a355c8,0x00000000a8900000)
 Metaspace       used 72684K, capacity 75044K, committed 75416K, reserved 1114112K
  class space    used 9488K, capacity 10037K, committed 10152K, reserved 1048576K
Event: 3318.484 GC heap after
Heap after GC invocations=19 (full 3):
 PSYoungGen      total 223744K, used 25077K [0x00000000e0000000, 0x00000000f2280000, 0x0000000100000000)
  eden space 198656K, 0% used [0x00000000e0000000,0x00000000e0000000,0x00000000ec200000)
  from space 25088K, 99% used [0x00000000ee480000,0x00000000efcfd628,0x00000000efd00000)
  to   space 35328K, 0% used [0x00000000ec200000,0x00000000ec200000,0x00000000ee480000)
 ParOldGen       total 140288K, used 61568K [0x00000000a0000000, 0x00000000a8900000, 0x00000000e0000000)
  object space 140288K, 43% used [0x00000000a0000000,0x00000000a3c203e0,0x00000000a8900000)
 Metaspace       used 72684K, capacity 75044K, committed 75416K, reserved 1114112K
  class space    used 9488K, capacity 10037K, committed 10152K, reserved 1048576K
}
Event: 3323.790 GC heap before
{Heap before GC invocations=20 (full 3):
 PSYoungGen      total 223744K, used 223733K [0x00000000e0000000, 0x00000000f2280000, 0x0000000100000000)
  eden space 198656K, 100% used [0x00000000e0000000,0x00000000ec200000,0x00000000ec200000)
  from space 25088K, 99% used [0x00000000ee480000,0x00000000efcfd628,0x00000000efd00000)
  to   space 35328K, 0% used [0x00000000ec200000,0x00000000ec200000,0x00000000ee480000)
 ParOldGen       total 140288K, used 61568K [0x00000000a0000000, 0x00000000a8900000, 0x00000000e0000000)
  object space 140288K, 43% used [0x00000000a0000000,0x00000000a3c203e0,0x00000000a8900000)
 Metaspace       used 74947K, capacity 77328K, committed 77592K, reserved 1116160K
  class space    used 9683K, capacity 10199K, committed 10280K, reserved 1048576K
Event: 3323.898 GC heap after
Heap after GC invocations=20 (full 3):
 PSYoungGen      total 233984K, used 24561K [0x00000000e0000000, 0x00000000f2780000, 0x0000000100000000)
  eden space 198656K, 0% used [0x00000000e0000000,0x00000000e0000000,0x00000000ec200000)
  from space 35328K, 69% used [0x00000000ec200000,0x00000000ed9fc4c0,0x00000000ee480000)
  to   space 36864K, 0% used [0x00000000f0380000,0x00000000f0380000,0x00000000f2780000)
 ParOldGen       total 140288K, used 85540K [0x00000000a0000000, 0x00000000a8900000, 0x00000000e0000000)
  object space 140288K, 60% used [0x00000000a0000000,0x00000000a53893f0,0x00000000a8900000)
 Metaspace       used 74947K, capacity 77328K, committed 77592K, reserved 1116160K
  class space    used 9683K, capacity 10199K, committed 10280K, reserved 1048576K
}
Event: 3326.656 GC heap before
{Heap before GC invocations=21 (full 3):
 PSYoungGen      total 233984K, used 223217K [0x00000000e0000000, 0x00000000f2780000, 0x0000000100000000)
  eden space 198656K, 100% used [0x00000000e0000000,0x00000000ec200000,0x00000000ec200000)
  from space 35328K, 69% used [0x00000000ec200000,0x00000000ed9fc4c0,0x00000000ee480000)
  to   space 36864K, 0% used [0x00000000f0380000,0x00000000f0380000,0x00000000f2780000)
 ParOldGen       total 140288K, used 85540K [0x00000000a0000000, 0x00000000a8900000, 0x00000000e0000000)
  object space 140288K, 60% used [0x00000000a0000000,0x00000000a53893f0,0x00000000a8900000)
 Metaspace       used 82102K, capacity 85194K, committed 85400K, reserved 1124352K
  class space    used 10788K, capacity 11428K, committed 11432K, reserved 1048576K
Event: 3326.757 GC heap after
Heap after GC invocations=21 (full 3):
 PSYoungGen      total 254976K, used 36840K [0x00000000e0000000, 0x00000000f3e80000, 0x0000000100000000)
  eden space 218112K, 0% used [0x00000000e0000000,0x00000000e0000000,0x00000000ed500000)
  from space 36864K, 99% used [0x00000000f0380000,0x00000000f277a228,0x00000000f2780000)
  to   space 47616K, 0% used [0x00000000ed500000,0x00000000ed500000,0x00000000f0380000)
 ParOldGen       total 140288K, used 98937K [0x00000000a0000000, 0x00000000a8900000, 0x00000000e0000000)
  object space 140288K, 70% used [0x00000000a0000000,0x00000000a609e770,0x00000000a8900000)
 Metaspace       used 82102K, capacity 85194K, committed 85400K, reserved 1124352K
  class space    used 10788K, capacity 11428K, committed 11432K, reserved 1048576K
}
Event: 3330.083 GC heap before
{Heap before GC invocations=22 (full 3):
 PSYoungGen      total 254976K, used 254952K [0x00000000e0000000, 0x00000000f3e80000, 0x0000000100000000)
  eden space 218112K, 100% used [0x00000000e0000000,0x00000000ed500000,0x00000000ed500000)
  from space 36864K, 99% used [0x00000000f0380000,0x00000000f277a228,0x00000000f2780000)
  to   space 47616K, 0% used [0x00000000ed500000,0x00000000ed500000,0x00000000f0380000)
 ParOldGen       total 140288K, used 98937K [0x00000000a0000000, 0x00000000a8900000, 0x00000000e0000000)
  object space 140288K, 70% used [0x00000000a0000000,0x00000000a609e770,0x00000000a8900000)
 Metaspace       used 83092K, capacity 86340K, committed 86680K, reserved 1124352K
  class space    used 10912K, capacity 11581K, committed 11688K, reserved 1048576K
Event: 3330.377 GC heap after
Heap after GC invocations=22 (full 3):
 PSYoungGen      total 265728K, used 47584K [0x00000000e0000000, 0x00000000f9380000, 0x0000000100000000)
  eden space 218112K, 0% used [0x00000000e0000000,0x00000000e0000000,0x00000000ed500000)
  from space 47616K, 99% used [0x00000000ed500000,0x00000000f0378238,0x00000000f0380000)
  to   space 75776K, 0% used [0x00000000f4980000,0x00000000f4980000,0x00000000f9380000)
 ParOldGen       total 154624K, used 154463K [0x00000000a0000000, 0x00000000a9700000, 0x00000000e0000000)
  object space 154624K, 99% used [0x00000000a0000000,0x00000000a96d7d78,0x00000000a9700000)
 Metaspace       used 83092K, capacity 86340K, committed 86680K, reserved 1124352K
  class space    used 10912K, capacity 11581K, committed 11688K, reserved 1048576K
}
Event: 3330.378 GC heap before
{Heap before GC invocations=23 (full 4):
 PSYoungGen      total 265728K, used 47584K [0x00000000e0000000, 0x00000000f9380000, 0x0000000100000000)
  eden space 218112K, 0% used [0x00000000e0000000,0x00000000e0000000,0x00000000ed500000)
  from space 47616K, 99% used [0x00000000ed500000,0x00000000f0378238,0x00000000f0380000)
  to   space 75776K, 0% used [0x00000000f4980000,0x00000000f4980000,0x00000000f9380000)
 ParOldGen       total 154624K, used 154463K [0x00000000a0000000, 0x00000000a9700000, 0x00000000e0000000)
  object space 154624K, 99% used [0x00000000a0000000,0x00000000a96d7d78,0x00000000a9700000)
 Metaspace       used 83092K, capacity 86340K, committed 86680K, reserved 1124352K
  class space    used 10912K, capacity 11581K, committed 11688K, reserved 1048576K
Event: 3332.128 GC heap after
Heap after GC invocations=23 (full 4):
 PSYoungGen      total 265728K, used 0K [0x00000000e0000000, 0x00000000f9380000, 0x0000000100000000)
  eden space 218112K, 0% used [0x00000000e0000000,0x00000000e0000000,0x00000000ed500000)
  from space 47616K, 0% used [0x00000000ed500000,0x00000000ed500000,0x00000000f0380000)
  to   space 75776K, 0% used [0x00000000f4980000,0x00000000f4980000,0x00000000f9380000)
 ParOldGen       total 317440K, used 147706K [0x00000000a0000000, 0x00000000b3600000, 0x00000000e0000000)
  object space 317440K, 46% used [0x00000000a0000000,0x00000000a903e9f0,0x00000000b3600000)
 Metaspace       used 82019K, capacity 84788K, committed 86680K, reserved 1124352K
  class space    used 10755K, capacity 11331K, committed 11688K, reserved 1048576K
}

Deoptimization events (10 events):
Event: 3334.033 Thread 0x000000001e316800 Uncommon trap: reason=unstable_if action=reinterpret pc=0x000000000486d4d0 method=java.util.stream.StreamOpFlag.getMask(I)I @ 1
Event: 3334.066 Thread 0x000000001e316800 Uncommon trap: reason=unstable_if action=reinterpret pc=0x000000000462fd9c method=java.util.concurrent.LinkedBlockingDeque.linkLast(Ljava/util/concurrent/LinkedBlockingDeque$Node;)Z @ 32
Event: 3334.354 Thread 0x000000001e316800 Uncommon trap: reason=class_check action=maybe_recompile pc=0x00000000057d2614 method=com.android.tools.build.apkzlib.zip.ZipField.checkVerifiesInvariants(J)V @ 25
Event: 3334.378 Thread 0x000000001e316800 Uncommon trap: reason=unstable_if action=reinterpret pc=0x0000000004bc6b2c method=java.nio.ByteBuffer.hasArray()Z @ 4
Event: 3334.435 Thread 0x000000001e316800 Uncommon trap: reason=unstable_if action=reinterpret pc=0x0000000004de5dbc method=java.nio.Bits.getInt(Ljava/nio/ByteBuffer;IZ)I @ 1
Event: 3334.442 Thread 0x000000001e316800 Uncommon trap: reason=unstable_if action=reinterpret pc=0x00000000046758d0 method=java.nio.Bits.getInt(Ljava/nio/ByteBuffer;IZ)I @ 1
Event: 3334.495 Thread 0x000000001e1b3800 Uncommon trap: reason=unstable_if action=reinterpret pc=0x0000000003c98bdc method=java.lang.ref.SoftReference.get()Ljava/lang/Object; @ 6
Event: 3334.539 Thread 0x000000001e1b3800 Uncommon trap: reason=unstable_if action=reinterpret pc=0x000000000554f648 method=java.util.Arrays.equals([Ljava/lang/Object;[Ljava/lang/Object;)Z @ 12
Event: 3334.639 Thread 0x000000001e1b3800 Uncommon trap: reason=class_check action=maybe_recompile pc=0x0000000005523308 method=java.util.Spliterators$ArraySpliterator.forEachRemaining(Ljava/util/function/Consumer;)V @ 53
Event: 3334.644 Thread 0x000000001e1b3800 Uncommon trap: reason=class_check action=maybe_recompile pc=0x0000000005523308 method=java.util.Spliterators$ArraySpliterator.forEachRemaining(Ljava/util/function/Consumer;)V @ 53

Classes redefined (0 events):
No events

Internal exceptions (10 events):
Event: 3333.401 Thread 0x000000001e1b3800 Implicit null exception at 0x00000000036bc320 to 0x00000000036bc55d
Event: 3333.483 Thread 0x000000001e1b3800 Exception <a 'java/lang/NoSuchMethodError': <clinit>> (0x00000000e4c69a80) thrown at [D:\src\AOSP-openjdk-cygwin\jdk8u\hotspot\src\share\vm\prims\jni.cpp, line 1614]
Event: 3333.483 Thread 0x000000001e1b3800 Exception <a 'java/lang/NoSuchMethodError': <clinit>> (0x00000000e4c6da60) thrown at [D:\src\AOSP-openjdk-cygwin\jdk8u\hotspot\src\share\vm\prims\jni.cpp, line 1614]
Event: 3333.493 Thread 0x000000001e1b3800 Exception <a 'java/lang/NoSuchMethodError': <clinit>> (0x00000000e4de7cc0) thrown at [D:\src\AOSP-openjdk-cygwin\jdk8u\hotspot\src\share\vm\prims\jni.cpp, line 1614]
Event: 3333.510 Thread 0x000000001e1b3800 Exception <a 'java/lang/NoSuchMethodError': <clinit>> (0x00000000e4e575a8) thrown at [D:\src\AOSP-openjdk-cygwin\jdk8u\hotspot\src\share\vm\prims\jni.cpp, line 1614]
Event: 3333.553 Thread 0x000000001e316800 Implicit null exception at 0x0000000003b187ff to 0x0000000003b19edd
Event: 3333.678 Thread 0x000000001e316800 Exception <a 'java/lang/NoSuchMethodError': java.lang.Object.newSystemTemporaryDirectory()Lcom/android/tools/build/apkzlib/bytestorage/TemporaryDirectory;> (0x00000000e52c0528) thrown at [D:\src\AOSP-openjdk-cygwin\jdk8u\hotspot\src\share\vm\interpreter\l
Event: 3334.024 Thread 0x000000001e316800 Exception <a 'java/lang/NoSuchMethodError': java.lang.Object.lambda$static$0(Lcom/android/apksig/util/RunnablesProvider;)V> (0x00000000e57e3cd8) thrown at [D:\src\AOSP-openjdk-cygwin\jdk8u\hotspot\src\share\vm\interpreter\linkResolver.cpp, line 620]
Event: 3334.495 Thread 0x000000001e1b3800 Implicit null exception at 0x0000000003c98865 to 0x0000000003c98bc1
Event: 3334.539 Thread 0x000000001e1b3800 Implicit null exception at 0x000000000554f53e to 0x000000000554f635

Events (10 events):
Event: 3334.667 Executing VM operation: RevokeBias
Event: 3334.667 Executing VM operation: RevokeBias done
Event: 3334.687 Thread 0x000000001688a800 flushing nmethod 0x00000000030815d0
Event: 3334.688 Thread 0x000000001688a800 flushing nmethod 0x0000000003189910
Event: 3334.688 Thread 0x000000001688a800 flushing nmethod 0x000000000318ead0
Event: 3334.688 Thread 0x000000001688a800 flushing nmethod 0x000000000318f2d0
Event: 3334.692 Thread 0x000000001687c000 flushing nmethod 0x000000000323a790
Event: 3334.692 Thread 0x000000001687c000 flushing nmethod 0x000000000323ac90
Event: 3334.693 Thread 0x000000001687c000 flushing nmethod 0x0000000003304810
Event: 3334.719 Executing VM operation: RevokeBias


Dynamic libraries:
0x00007ff68c020000 - 0x00007ff68c051000 	C:\Program Files\Android\Android Studio\jre\bin\java.exe
0x00007ff8e3ea0000 - 0x00007ff8e4090000 	C:\WINDOWS\SYSTEM32\ntdll.dll
0x00007ff8c3720000 - 0x00007ff8c3774000 	C:\Program Files (x86)\AVG\Av\avghooka.dll
0x00007ff8e2d90000 - 0x00007ff8e2e42000 	C:\WINDOWS\System32\KERNEL32.DLL
0x00007ff8e1240000 - 0x00007ff8e14e3000 	C:\WINDOWS\System32\KERNELBASE.dll
0x00007ff8e27f0000 - 0x00007ff8e2893000 	C:\WINDOWS\System32\ADVAPI32.dll
0x00007ff8e3390000 - 0x00007ff8e342e000 	C:\WINDOWS\System32\msvcrt.dll
0x00007ff8e3dc0000 - 0x00007ff8e3e57000 	C:\WINDOWS\System32\sechost.dll
0x00007ff8e1f30000 - 0x00007ff8e2050000 	C:\WINDOWS\System32\RPCRT4.dll
0x00007ff8e2a50000 - 0x00007ff8e2be4000 	C:\WINDOWS\System32\USER32.dll
0x00007ff8e1d10000 - 0x00007ff8e1d31000 	C:\WINDOWS\System32\win32u.dll
0x00007ff8e27a0000 - 0x00007ff8e27c6000 	C:\WINDOWS\System32\GDI32.dll
0x00007ff8e1d90000 - 0x00007ff8e1f24000 	C:\WINDOWS\System32\gdi32full.dll
0x00007ff8e0e10000 - 0x00007ff8e0eae000 	C:\WINDOWS\System32\msvcp_win.dll
0x00007ff8e0f90000 - 0x00007ff8e108a000 	C:\WINDOWS\System32\ucrtbase.dll
0x00007ff8d8ed0000 - 0x00007ff8d9155000 	C:\WINDOWS\WinSxS\amd64_microsoft.windows.common-controls_6595b64144ccf1df_6.0.18362.657_none_e6c5b579130e3898\COMCTL32.dll
0x00007ff8e2fb0000 - 0x00007ff8e32e6000 	C:\WINDOWS\System32\combase.dll
0x00007ff8e1c90000 - 0x00007ff8e1d10000 	C:\WINDOWS\System32\bcryptPrimitives.dll
0x00007ff8e34a0000 - 0x00007ff8e34ce000 	C:\WINDOWS\System32\IMM32.DLL
0x000000005e930000 - 0x000000005ea02000 	C:\Program Files\Android\Android Studio\jre\jre\bin\msvcr100.dll
0x000000005eaf0000 - 0x000000005f336000 	C:\Program Files\Android\Android Studio\jre\jre\bin\server\jvm.dll
0x00007ff8e3be0000 - 0x00007ff8e3be8000 	C:\WINDOWS\System32\PSAPI.DLL
0x00007ff8d0930000 - 0x00007ff8d093a000 	C:\WINDOWS\SYSTEM32\VERSION.dll
0x00007ff8dcec0000 - 0x00007ff8dcee4000 	C:\WINDOWS\SYSTEM32\WINMM.dll
0x00007ff8cd940000 - 0x00007ff8cd949000 	C:\WINDOWS\SYSTEM32\WSOCK32.dll
0x00007ff8e3bf0000 - 0x00007ff8e3c5f000 	C:\WINDOWS\System32\WS2_32.dll
0x00007ff8dce90000 - 0x00007ff8dcebd000 	C:\WINDOWS\SYSTEM32\winmmbase.dll
0x00007ff8e1d40000 - 0x00007ff8e1d8a000 	C:\WINDOWS\System32\cfgmgr32.dll
0x00007ff8da510000 - 0x00007ff8da51f000 	C:\Program Files\Android\Android Studio\jre\jre\bin\verify.dll
0x00007ff8d1e00000 - 0x00007ff8d1e29000 	C:\Program Files\Android\Android Studio\jre\jre\bin\java.dll
0x00007ff8d2570000 - 0x00007ff8d2586000 	C:\Program Files\Android\Android Studio\jre\jre\bin\zip.dll
0x00007ff8e20b0000 - 0x00007ff8e2795000 	C:\WINDOWS\System32\SHELL32.dll
0x00007ff8e2e50000 - 0x00007ff8e2ef9000 	C:\WINDOWS\System32\shcore.dll
0x00007ff8e14f0000 - 0x00007ff8e1c6f000 	C:\WINDOWS\System32\windows.storage.dll
0x00007ff8e0d60000 - 0x00007ff8e0d7f000 	C:\WINDOWS\System32\profapi.dll
0x00007ff8e0da0000 - 0x00007ff8e0dea000 	C:\WINDOWS\System32\powrprof.dll
0x00007ff8e0d50000 - 0x00007ff8e0d60000 	C:\WINDOWS\System32\UMPDC.dll
0x00007ff8e2050000 - 0x00007ff8e20a2000 	C:\WINDOWS\System32\shlwapi.dll
0x00007ff8e0d80000 - 0x00007ff8e0d91000 	C:\WINDOWS\System32\kernel.appcore.dll
0x00007ff8e1c70000 - 0x00007ff8e1c87000 	C:\WINDOWS\System32\cryptsp.dll
0x00007ff8d13f0000 - 0x00007ff8d140a000 	C:\Program Files\Android\Android Studio\jre\jre\bin\net.dll
0x00007ff8df1d0000 - 0x00007ff8df237000 	C:\WINDOWS\system32\mswsock.dll
0x00007ff8d0270000 - 0x00007ff8d0281000 	C:\Program Files\Android\Android Studio\jre\jre\bin\nio.dll
0x00007ff8c2900000 - 0x00007ff8c2926000 	C:\Users\HP\.gradle\native\29\windows-amd64\native-platform.dll
0x00007ff8d9310000 - 0x00007ff8d931d000 	C:\Program Files\Android\Android Studio\jre\jre\bin\management.dll
0x00007ff8ded40000 - 0x00007ff8ded73000 	C:\WINDOWS\system32\rsaenh.dll
0x00007ff8e0eb0000 - 0x00007ff8e0ed6000 	C:\WINDOWS\System32\bcrypt.dll
0x00007ff8df8e0000 - 0x00007ff8df905000 	C:\WINDOWS\SYSTEM32\USERENV.dll
0x00007ff8df3a0000 - 0x00007ff8df3ac000 	C:\WINDOWS\SYSTEM32\CRYPTBASE.dll
0x00007ff8deee0000 - 0x00007ff8def1a000 	C:\WINDOWS\SYSTEM32\IPHLPAPI.DLL
0x00007ff8e3680000 - 0x00007ff8e3688000 	C:\WINDOWS\System32\NSI.dll
0x00007ff8d3670000 - 0x00007ff8d3686000 	C:\WINDOWS\SYSTEM32\dhcpcsvc6.DLL
0x00007ff8d4400000 - 0x00007ff8d441c000 	C:\WINDOWS\SYSTEM32\dhcpcsvc.DLL
0x00007ff8def20000 - 0x00007ff8defea000 	C:\WINDOWS\SYSTEM32\DNSAPI.dll

VM Arguments:
jvm_args: -Xmx1536m -Dfile.encoding=windows-1252 -Duser.country=US -Duser.language=en -Duser.variant 
java_command: org.gradle.launcher.daemon.bootstrap.GradleDaemon 5.4.1
java_class_path (initial): C:\Users\HP\.gradle\wrapper\dists\gradle-5.4.1-all\3221gyojl5jsh0helicew7rwx\gradle-5.4.1\lib\gradle-launcher-5.4.1.jar
Launcher Type: SUN_STANDARD

Environment Variables:
PATH=C:\Program Files (x86)\Intel\iCLS Client\;C:\Program Files\Intel\iCLS Client\;C:\WINDOWS\system32;C:\WINDOWS;C:\WINDOWS\System32\Wbem;C:\WINDOWS\System32\WindowsPowerShell\v1.0\;C:\Program Files (x86)\Intel\Intel(R) Management Engine Components\DAL;C:\Program Files\Intel\Intel(R) Management Engine Components\DAL;C:\Program Files (x86)\Intel\Intel(R) Management Engine Components\IPT;C:\Program Files\Intel\Intel(R) Management Engine Components\IPT;C:\WINDOWS\System32\OpenSSH\;;C:\Users\HP\AppData\Local\Programs\Microsoft VS Code\bin;C:\Users\HP\AppData\Local\Microsoft\WindowsApps
USERNAME=HP
OS=Windows_NT
PROCESSOR_IDENTIFIER=Intel64 Family 6 Model 61 Stepping 4, GenuineIntel



---------------  S Y S T E M  ---------------

OS: Windows 10.0 , 64 bit Build 18362 (10.0.18362.329)

CPU:total 4 (initial active 4) (2 cores per cpu, 2 threads per core) family 6 model 61 stepping 4, cmov, cx8, fxsr, mmx, sse, sse2, sse3, ssse3, sse4.1, sse4.2, popcnt, avx, avx2, aes, clmul, erms, 3dnowpref, lzcnt, ht, tsc, tscinvbit, bmi1, bmi2, adx

Memory: 4k page, physical 8277100k(363952k free), swap 33442924k(5796k free)

vm_info: OpenJDK 64-Bit Server VM (25.202-b03) for windows-amd64 JRE (1.8.0_202-release-1483-b03), built by "builder" with MS VC++ 10.0 (VS2010)

time: Mon Feb 24 14:04:50 2020
timezone: SE Asia Standard Time
elapsed time: 3334 seconds (0d 0h 55m 34s)

